[2021-05-18 18:52:02] app.INFO: Exporting mail with theme modern for language English (English) [] []
[2021-05-18 18:52:02] app.INFO: Core output folder: /opt/bitnami/prestashop/mails [] []
[2021-05-18 18:52:02] app.INFO: Modules output folder: /opt/bitnami/prestashop/modules/ [] []
[2021-05-18 18:52:02] app.INFO: Generate html template account at /opt/bitnami/prestashop/mails/en/account.html [] []
[2021-05-18 18:52:02] app.INFO: Generate txt template account at /opt/bitnami/prestashop/mails/en/account.txt [] []
[2021-05-18 18:52:02] app.INFO: Generate html template backoffice_order at /opt/bitnami/prestashop/mails/en/backoffice_order.html [] []
[2021-05-18 18:52:02] app.INFO: Generate txt template backoffice_order at /opt/bitnami/prestashop/mails/en/backoffice_order.txt [] []
[2021-05-18 18:52:02] app.INFO: Generate html template bankwire at /opt/bitnami/prestashop/mails/en/bankwire.html [] []
[2021-05-18 18:52:02] app.INFO: Generate txt template bankwire at /opt/bitnami/prestashop/mails/en/bankwire.txt [] []
[2021-05-18 18:52:02] app.INFO: Generate html template cheque at /opt/bitnami/prestashop/mails/en/cheque.html [] []
[2021-05-18 18:52:02] app.INFO: Generate txt template cheque at /opt/bitnami/prestashop/mails/en/cheque.txt [] []
[2021-05-18 18:52:02] app.INFO: Generate html template contact at /opt/bitnami/prestashop/mails/en/contact.html [] []
[2021-05-18 18:52:02] app.INFO: Generate txt template contact at /opt/bitnami/prestashop/mails/en/contact.txt [] []
[2021-05-18 18:52:02] app.INFO: Generate html template contact_form at /opt/bitnami/prestashop/mails/en/contact_form.html [] []
[2021-05-18 18:52:02] app.INFO: Generate txt template contact_form at /opt/bitnami/prestashop/mails/en/contact_form.txt [] []
[2021-05-18 18:52:02] app.INFO: Generate html template credit_slip at /opt/bitnami/prestashop/mails/en/credit_slip.html [] []
[2021-05-18 18:52:02] app.INFO: Generate txt template credit_slip at /opt/bitnami/prestashop/mails/en/credit_slip.txt [] []
[2021-05-18 18:52:02] app.INFO: Generate html template download_product at /opt/bitnami/prestashop/mails/en/download_product.html [] []
[2021-05-18 18:52:02] app.INFO: Generate txt template download_product at /opt/bitnami/prestashop/mails/en/download_product.txt [] []
[2021-05-18 18:52:02] app.INFO: Generate html template employee_password at /opt/bitnami/prestashop/mails/en/employee_password.html [] []
[2021-05-18 18:52:02] app.INFO: Generate txt template employee_password at /opt/bitnami/prestashop/mails/en/employee_password.txt [] []
[2021-05-18 18:52:02] app.INFO: Generate html template forward_msg at /opt/bitnami/prestashop/mails/en/forward_msg.html [] []
[2021-05-18 18:52:02] app.INFO: Generate txt template forward_msg at /opt/bitnami/prestashop/mails/en/forward_msg.txt [] []
[2021-05-18 18:52:02] app.INFO: Generate html template guest_to_customer at /opt/bitnami/prestashop/mails/en/guest_to_customer.html [] []
[2021-05-18 18:52:02] app.INFO: Generate txt template guest_to_customer at /opt/bitnami/prestashop/mails/en/guest_to_customer.txt [] []
[2021-05-18 18:52:02] app.INFO: Generate html template import at /opt/bitnami/prestashop/mails/en/import.html [] []
[2021-05-18 18:52:02] app.INFO: Generate txt template import at /opt/bitnami/prestashop/mails/en/import.txt [] []
[2021-05-18 18:52:02] app.INFO: Generate html template in_transit at /opt/bitnami/prestashop/mails/en/in_transit.html [] []
[2021-05-18 18:52:02] app.INFO: Generate txt template in_transit at /opt/bitnami/prestashop/mails/en/in_transit.txt [] []
[2021-05-18 18:52:02] app.INFO: Generate html template log_alert at /opt/bitnami/prestashop/mails/en/log_alert.html [] []
[2021-05-18 18:52:02] app.INFO: Generate txt template log_alert at /opt/bitnami/prestashop/mails/en/log_alert.txt [] []
[2021-05-18 18:52:02] app.INFO: Generate html template newsletter at /opt/bitnami/prestashop/mails/en/newsletter.html [] []
[2021-05-18 18:52:02] app.INFO: Generate txt template newsletter at /opt/bitnami/prestashop/mails/en/newsletter.txt [] []
[2021-05-18 18:52:02] app.INFO: Generate html template order_canceled at /opt/bitnami/prestashop/mails/en/order_canceled.html [] []
[2021-05-18 18:52:03] app.INFO: Generate txt template order_canceled at /opt/bitnami/prestashop/mails/en/order_canceled.txt [] []
[2021-05-18 18:52:03] app.INFO: Generate html template order_changed at /opt/bitnami/prestashop/mails/en/order_changed.html [] []
[2021-05-18 18:52:03] app.INFO: Generate txt template order_changed at /opt/bitnami/prestashop/mails/en/order_changed.txt [] []
[2021-05-18 18:52:03] app.INFO: Generate html template order_conf at /opt/bitnami/prestashop/mails/en/order_conf.html [] []
[2021-05-18 18:52:03] app.INFO: Generate txt template order_conf at /opt/bitnami/prestashop/mails/en/order_conf.txt [] []
[2021-05-18 18:52:03] app.INFO: Generate html template order_customer_comment at /opt/bitnami/prestashop/mails/en/order_customer_comment.html [] []
[2021-05-18 18:52:03] app.INFO: Generate txt template order_customer_comment at /opt/bitnami/prestashop/mails/en/order_customer_comment.txt [] []
[2021-05-18 18:52:03] app.INFO: Generate html template order_merchant_comment at /opt/bitnami/prestashop/mails/en/order_merchant_comment.html [] []
[2021-05-18 18:52:03] app.INFO: Generate txt template order_merchant_comment at /opt/bitnami/prestashop/mails/en/order_merchant_comment.txt [] []
[2021-05-18 18:52:03] app.INFO: Generate html template order_return_state at /opt/bitnami/prestashop/mails/en/order_return_state.html [] []
[2021-05-18 18:52:03] app.INFO: Generate txt template order_return_state at /opt/bitnami/prestashop/mails/en/order_return_state.txt [] []
[2021-05-18 18:52:03] app.INFO: Generate html template outofstock at /opt/bitnami/prestashop/mails/en/outofstock.html [] []
[2021-05-18 18:52:03] app.INFO: Generate txt template outofstock at /opt/bitnami/prestashop/mails/en/outofstock.txt [] []
[2021-05-18 18:52:03] app.INFO: Generate html template password at /opt/bitnami/prestashop/mails/en/password.html [] []
[2021-05-18 18:52:03] app.INFO: Generate txt template password at /opt/bitnami/prestashop/mails/en/password.txt [] []
[2021-05-18 18:52:03] app.INFO: Generate html template password_query at /opt/bitnami/prestashop/mails/en/password_query.html [] []
[2021-05-18 18:52:03] app.INFO: Generate txt template password_query at /opt/bitnami/prestashop/mails/en/password_query.txt [] []
[2021-05-18 18:52:03] app.INFO: Generate html template payment at /opt/bitnami/prestashop/mails/en/payment.html [] []
[2021-05-18 18:52:03] app.INFO: Generate txt template payment at /opt/bitnami/prestashop/mails/en/payment.txt [] []
[2021-05-18 18:52:03] app.INFO: Generate html template payment_error at /opt/bitnami/prestashop/mails/en/payment_error.html [] []
[2021-05-18 18:52:03] app.INFO: Generate txt template payment_error at /opt/bitnami/prestashop/mails/en/payment_error.txt [] []
[2021-05-18 18:52:03] app.INFO: Generate html template preparation at /opt/bitnami/prestashop/mails/en/preparation.html [] []
[2021-05-18 18:52:03] app.INFO: Generate txt template preparation at /opt/bitnami/prestashop/mails/en/preparation.txt [] []
[2021-05-18 18:52:03] app.INFO: Generate html template productoutofstock at /opt/bitnami/prestashop/mails/en/productoutofstock.html [] []
[2021-05-18 18:52:03] app.INFO: Generate txt template productoutofstock at /opt/bitnami/prestashop/mails/en/productoutofstock.txt [] []
[2021-05-18 18:52:03] app.INFO: Generate html template refund at /opt/bitnami/prestashop/mails/en/refund.html [] []
[2021-05-18 18:52:03] app.INFO: Generate txt template refund at /opt/bitnami/prestashop/mails/en/refund.txt [] []
[2021-05-18 18:52:03] app.INFO: Generate html template reply_msg at /opt/bitnami/prestashop/mails/en/reply_msg.html [] []
[2021-05-18 18:52:03] app.INFO: Generate txt template reply_msg at /opt/bitnami/prestashop/mails/en/reply_msg.txt [] []
[2021-05-18 18:52:03] app.INFO: Generate html template shipped at /opt/bitnami/prestashop/mails/en/shipped.html [] []
[2021-05-18 18:52:03] app.INFO: Generate txt template shipped at /opt/bitnami/prestashop/mails/en/shipped.txt [] []
[2021-05-18 18:52:03] app.INFO: Generate html template test at /opt/bitnami/prestashop/mails/en/test.html [] []
[2021-05-18 18:52:03] app.INFO: Generate txt template test at /opt/bitnami/prestashop/mails/en/test.txt [] []
[2021-05-18 18:52:03] app.INFO: Generate html template voucher at /opt/bitnami/prestashop/mails/en/voucher.html [] []
[2021-05-18 18:52:03] app.INFO: Generate txt template voucher at /opt/bitnami/prestashop/mails/en/voucher.txt [] []
[2021-05-18 18:52:03] app.INFO: Generate html template voucher_new at /opt/bitnami/prestashop/mails/en/voucher_new.html [] []
[2021-05-18 18:52:03] app.INFO: Generate txt template voucher_new at /opt/bitnami/prestashop/mails/en/voucher_new.txt [] []
[2021-05-18 18:52:03] app.INFO: Generate html template referralprogram-congratulations at /opt/bitnami/prestashop/modules//referralprogram/mails/en/referralprogram-congratulations.html [] []
[2021-05-18 18:52:03] app.INFO: Generate txt template referralprogram-congratulations at /opt/bitnami/prestashop/modules//referralprogram/mails/en/referralprogram-congratulations.txt [] []
[2021-05-18 18:52:03] app.INFO: Generate html template referralprogram-invitation at /opt/bitnami/prestashop/modules//referralprogram/mails/en/referralprogram-invitation.html [] []
[2021-05-18 18:52:03] app.INFO: Generate txt template referralprogram-invitation at /opt/bitnami/prestashop/modules//referralprogram/mails/en/referralprogram-invitation.txt [] []
[2021-05-18 18:52:03] app.INFO: Generate html template referralprogram-voucher at /opt/bitnami/prestashop/modules//referralprogram/mails/en/referralprogram-voucher.html [] []
[2021-05-18 18:52:03] app.INFO: Generate txt template referralprogram-voucher at /opt/bitnami/prestashop/modules//referralprogram/mails/en/referralprogram-voucher.txt [] []
[2021-05-18 18:52:03] app.INFO: Generate html template customer_qty at /opt/bitnami/prestashop/modules//ps_emailalerts/mails/en/customer_qty.html [] []
[2021-05-18 18:52:03] app.INFO: Generate txt template customer_qty at /opt/bitnami/prestashop/modules//ps_emailalerts/mails/en/customer_qty.txt [] []
[2021-05-18 18:52:03] app.INFO: Generate html template new_order at /opt/bitnami/prestashop/modules//ps_emailalerts/mails/en/new_order.html [] []
[2021-05-18 18:52:03] app.INFO: Generate txt template new_order at /opt/bitnami/prestashop/modules//ps_emailalerts/mails/en/new_order.txt [] []
[2021-05-18 18:52:03] app.INFO: Generate html template order_changed at /opt/bitnami/prestashop/modules//ps_emailalerts/mails/en/order_changed.html [] []
[2021-05-18 18:52:03] app.INFO: Generate txt template order_changed at /opt/bitnami/prestashop/modules//ps_emailalerts/mails/en/order_changed.txt [] []
[2021-05-18 18:52:03] app.INFO: Generate html template productcoverage at /opt/bitnami/prestashop/modules//ps_emailalerts/mails/en/productcoverage.html [] []
[2021-05-18 18:52:03] app.INFO: Generate txt template productcoverage at /opt/bitnami/prestashop/modules//ps_emailalerts/mails/en/productcoverage.txt [] []
[2021-05-18 18:52:03] app.INFO: Generate html template productoutofstock at /opt/bitnami/prestashop/modules//ps_emailalerts/mails/en/productoutofstock.html [] []
[2021-05-18 18:52:03] app.INFO: Generate txt template productoutofstock at /opt/bitnami/prestashop/modules//ps_emailalerts/mails/en/productoutofstock.txt [] []
[2021-05-18 18:52:04] app.INFO: Generate html template return_slip at /opt/bitnami/prestashop/modules//ps_emailalerts/mails/en/return_slip.html [] []
[2021-05-18 18:52:04] app.INFO: Generate txt template return_slip at /opt/bitnami/prestashop/modules//ps_emailalerts/mails/en/return_slip.txt [] []
[2021-05-18 18:52:04] app.INFO: Generate html template newsletter_conf at /opt/bitnami/prestashop/modules//ps_emailsubscription/mails/en/newsletter_conf.html [] []
[2021-05-18 18:52:04] app.INFO: Generate txt template newsletter_conf at /opt/bitnami/prestashop/modules//ps_emailsubscription/mails/en/newsletter_conf.txt [] []
[2021-05-18 18:52:04] app.INFO: Generate html template newsletter_verif at /opt/bitnami/prestashop/modules//ps_emailsubscription/mails/en/newsletter_verif.html [] []
[2021-05-18 18:52:04] app.INFO: Generate txt template newsletter_verif at /opt/bitnami/prestashop/modules//ps_emailsubscription/mails/en/newsletter_verif.txt [] []
[2021-05-18 18:52:04] app.INFO: Generate html template newsletter_voucher at /opt/bitnami/prestashop/modules//ps_emailsubscription/mails/en/newsletter_voucher.html [] []
[2021-05-18 18:52:04] app.INFO: Generate txt template newsletter_voucher at /opt/bitnami/prestashop/modules//ps_emailsubscription/mails/en/newsletter_voucher.txt [] []
[2021-05-18 18:52:04] app.INFO: Generate html template followup_1 at /opt/bitnami/prestashop/modules//followup/mails/en/followup_1.html [] []
[2021-05-18 18:52:04] app.INFO: Generate txt template followup_1 at /opt/bitnami/prestashop/modules//followup/mails/en/followup_1.txt [] []
[2021-05-18 18:52:04] app.INFO: Generate html template followup_2 at /opt/bitnami/prestashop/modules//followup/mails/en/followup_2.html [] []
[2021-05-18 18:52:04] app.INFO: Generate txt template followup_2 at /opt/bitnami/prestashop/modules//followup/mails/en/followup_2.txt [] []
[2021-05-18 18:52:04] app.INFO: Generate html template followup_3 at /opt/bitnami/prestashop/modules//followup/mails/en/followup_3.html [] []
[2021-05-18 18:52:04] app.INFO: Generate txt template followup_3 at /opt/bitnami/prestashop/modules//followup/mails/en/followup_3.txt [] []
[2021-05-18 18:52:04] app.INFO: Generate html template followup_4 at /opt/bitnami/prestashop/modules//followup/mails/en/followup_4.html [] []
[2021-05-18 18:52:04] app.INFO: Generate txt template followup_4 at /opt/bitnami/prestashop/modules//followup/mails/en/followup_4.txt [] []
[2021-05-18 18:52:09] app.INFO: Protect vendor folder in module contactform [] []
[2021-05-18 18:52:09] app.INFO: Module contactform has no vendor folder [] []
[2021-05-18 18:52:09] app.INFO: Protect vendor folder in module dashactivity [] []
[2021-05-18 18:52:09] app.INFO: Module dashactivity has no vendor folder [] []
[2021-05-18 18:52:09] app.INFO: Protect vendor folder in module dashgoals [] []
[2021-05-18 18:52:09] app.INFO: Module dashgoals has no vendor folder [] []
[2021-05-18 18:52:09] app.INFO: Protect vendor folder in module dashproducts [] []
[2021-05-18 18:52:09] app.INFO: Module dashproducts has no vendor folder [] []
[2021-05-18 18:52:09] app.INFO: Protect vendor folder in module dashtrends [] []
[2021-05-18 18:52:09] app.INFO: Module dashtrends has no vendor folder [] []
[2021-05-18 18:52:09] app.INFO: Protect vendor folder in module graphnvd3 [] []
[2021-05-18 18:52:09] app.INFO: Module graphnvd3 has no vendor folder [] []
[2021-05-18 18:52:09] app.INFO: Protect vendor folder in module gridhtml [] []
[2021-05-18 18:52:09] app.INFO: Module gridhtml has no vendor folder [] []
[2021-05-18 18:52:10] app.INFO: Protect vendor folder in module gsitemap [] []
[2021-05-18 18:52:10] app.INFO: Module gsitemap has no vendor folder [] []
[2021-05-18 18:52:10] app.INFO: Protect vendor folder in module pagesnotfound [] []
[2021-05-18 18:52:10] app.INFO: Module pagesnotfound has no vendor folder [] []
[2021-05-18 18:52:10] app.INFO: Protect vendor folder in module productcomments [] []
[2021-05-18 18:52:10] app.INFO: Module productcomments has no vendor folder [] []
[2021-05-18 18:52:10] app.INFO: Protect vendor folder in module ps_banner [] []
[2021-05-18 18:52:10] app.INFO: Module ps_banner has no vendor folder [] []
[2021-05-18 18:52:10] app.INFO: Protect vendor folder in module ps_categorytree [] []
[2021-05-18 18:52:10] app.INFO: Module ps_categorytree has no vendor folder [] []
[2021-05-18 18:52:10] app.INFO: Protect vendor folder in module ps_checkpayment [] []
[2021-05-18 18:52:10] app.INFO: Module ps_checkpayment has no vendor folder [] []
[2021-05-18 18:52:10] app.INFO: Protect vendor folder in module ps_contactinfo [] []
[2021-05-18 18:52:10] app.INFO: Module ps_contactinfo has no vendor folder [] []
[2021-05-18 18:52:11] app.INFO: Protect vendor folder in module ps_crossselling [] []
[2021-05-18 18:52:11] app.INFO: Module ps_crossselling has no vendor folder [] []
[2021-05-18 18:52:11] app.INFO: Protect vendor folder in module ps_currencyselector [] []
[2021-05-18 18:52:11] app.INFO: Module ps_currencyselector has no vendor folder [] []
[2021-05-18 18:52:11] app.INFO: Protect vendor folder in module ps_customeraccountlinks [] []
[2021-05-18 18:52:11] app.INFO: Module ps_customeraccountlinks has no vendor folder [] []
[2021-05-18 18:52:11] app.INFO: Protect vendor folder in module ps_customersignin [] []
[2021-05-18 18:52:11] app.INFO: Module ps_customersignin has no vendor folder [] []
[2021-05-18 18:52:11] app.INFO: Protect vendor folder in module ps_customtext [] []
[2021-05-18 18:52:11] app.INFO: Module ps_customtext has no vendor folder [] []
[2021-05-18 18:52:11] app.INFO: Protect vendor folder in module ps_dataprivacy [] []
[2021-05-18 18:52:11] app.INFO: Module ps_dataprivacy has no vendor folder [] []
[2021-05-18 18:52:11] app.INFO: Protect vendor folder in module ps_emailsubscription [] []
[2021-05-18 18:52:11] app.INFO: Module ps_emailsubscription has no vendor folder [] []
[2021-05-18 18:52:12] app.INFO: Protect vendor folder in module ps_facetedsearch [] []
[2021-05-18 18:52:12] app.INFO: Module ps_facetedsearch has no vendor folder [] []
[2021-05-18 18:52:12] app.INFO: Protect vendor folder in module ps_faviconnotificationbo [] []
[2021-05-18 18:52:12] app.INFO: Module ps_faviconnotificationbo has no vendor folder [] []
[2021-05-18 18:52:12] app.INFO: Protect vendor folder in module ps_featuredproducts [] []
[2021-05-18 18:52:12] app.INFO: Module ps_featuredproducts has no vendor folder [] []
[2021-05-18 18:52:12] app.INFO: Protect vendor folder in module ps_imageslider [] []
[2021-05-18 18:52:12] app.INFO: Module ps_imageslider has no vendor folder [] []
[2021-05-18 18:52:12] app.INFO: Protect vendor folder in module ps_languageselector [] []
[2021-05-18 18:52:12] app.INFO: Module ps_languageselector has no vendor folder [] []
[2021-05-18 18:52:13] app.INFO: Protect vendor folder in module ps_linklist [] []
[2021-05-18 18:52:13] app.INFO: Module ps_linklist has no vendor folder [] []
[2021-05-18 18:52:13] app.ERROR: Cannot register tab "AdminLinkWidget" because it already exists [] []
[2021-05-18 18:52:13] app.INFO: Protect vendor folder in module ps_mainmenu [] []
[2021-05-18 18:52:13] app.INFO: Module ps_mainmenu has no vendor folder [] []
[2021-05-18 18:52:13] app.INFO: Protect vendor folder in module ps_searchbar [] []
[2021-05-18 18:52:13] app.INFO: Module ps_searchbar has no vendor folder [] []
[2021-05-18 18:52:13] app.INFO: Protect vendor folder in module ps_sharebuttons [] []
[2021-05-18 18:52:13] app.INFO: Module ps_sharebuttons has no vendor folder [] []
[2021-05-18 18:52:13] app.INFO: Protect vendor folder in module ps_shoppingcart [] []
[2021-05-18 18:52:13] app.INFO: Module ps_shoppingcart has no vendor folder [] []
[2021-05-18 18:52:13] app.INFO: Protect vendor folder in module ps_socialfollow [] []
[2021-05-18 18:52:13] app.INFO: Module ps_socialfollow has no vendor folder [] []
[2021-05-18 18:52:13] app.INFO: Protect vendor folder in module ps_themecusto [] []
[2021-05-18 18:52:13] app.INFO: Module ps_themecusto has no vendor folder [] []
[2021-05-18 18:52:14] app.INFO: Protect vendor folder in module ps_wirepayment [] []
[2021-05-18 18:52:14] app.INFO: Module ps_wirepayment has no vendor folder [] []
[2021-05-18 18:52:14] app.INFO: Protect vendor folder in module sekeywords [] []
[2021-05-18 18:52:14] app.INFO: Module sekeywords has no vendor folder [] []
[2021-05-18 18:52:14] app.INFO: Protect vendor folder in module statsbestcategories [] []
[2021-05-18 18:52:14] app.INFO: Module statsbestcategories has no vendor folder [] []
[2021-05-18 18:52:14] app.INFO: Protect vendor folder in module statsbestcustomers [] []
[2021-05-18 18:52:14] app.INFO: Module statsbestcustomers has no vendor folder [] []
[2021-05-18 18:52:14] app.INFO: Protect vendor folder in module statsbestproducts [] []
[2021-05-18 18:52:14] app.INFO: Module statsbestproducts has no vendor folder [] []
[2021-05-18 18:52:14] app.INFO: Protect vendor folder in module statsbestsuppliers [] []
[2021-05-18 18:52:14] app.INFO: Module statsbestsuppliers has no vendor folder [] []
[2021-05-18 18:52:14] app.INFO: Protect vendor folder in module statsbestvouchers [] []
[2021-05-18 18:52:14] app.INFO: Module statsbestvouchers has no vendor folder [] []
[2021-05-18 18:52:14] app.INFO: Protect vendor folder in module statscarrier [] []
[2021-05-18 18:52:14] app.INFO: Module statscarrier has no vendor folder [] []
[2021-05-18 18:52:14] app.INFO: Protect vendor folder in module statscatalog [] []
[2021-05-18 18:52:14] app.INFO: Module statscatalog has no vendor folder [] []
[2021-05-18 18:52:14] app.INFO: Protect vendor folder in module statscheckup [] []
[2021-05-18 18:52:14] app.INFO: Module statscheckup has no vendor folder [] []
[2021-05-18 18:52:14] app.INFO: Protect vendor folder in module statsdata [] []
[2021-05-18 18:52:14] app.INFO: Module statsdata has no vendor folder [] []
[2021-05-18 18:52:14] app.INFO: Protect vendor folder in module statsequipment [] []
[2021-05-18 18:52:14] app.INFO: Module statsequipment has no vendor folder [] []
[2021-05-18 18:52:14] app.INFO: Protect vendor folder in module statsforecast [] []
[2021-05-18 18:52:14] app.INFO: Module statsforecast has no vendor folder [] []
[2021-05-18 18:52:14] app.INFO: Protect vendor folder in module statslive [] []
[2021-05-18 18:52:14] app.INFO: Module statslive has no vendor folder [] []
[2021-05-18 18:52:15] app.INFO: Protect vendor folder in module statsnewsletter [] []
[2021-05-18 18:52:15] app.INFO: Module statsnewsletter has no vendor folder [] []
[2021-05-18 18:52:15] app.INFO: Protect vendor folder in module statsorigin [] []
[2021-05-18 18:52:15] app.INFO: Module statsorigin has no vendor folder [] []
[2021-05-18 18:52:15] app.INFO: Protect vendor folder in module statspersonalinfos [] []
[2021-05-18 18:52:15] app.INFO: Module statspersonalinfos has no vendor folder [] []
[2021-05-18 18:52:15] app.INFO: Protect vendor folder in module statsproduct [] []
[2021-05-18 18:52:15] app.INFO: Module statsproduct has no vendor folder [] []
[2021-05-18 18:52:15] app.INFO: Protect vendor folder in module statsregistrations [] []
[2021-05-18 18:52:15] app.INFO: Module statsregistrations has no vendor folder [] []
[2021-05-18 18:52:15] app.INFO: Protect vendor folder in module statssales [] []
[2021-05-18 18:52:15] app.INFO: Module statssales has no vendor folder [] []
[2021-05-18 18:52:15] app.INFO: Protect vendor folder in module statssearch [] []
[2021-05-18 18:52:15] app.INFO: Module statssearch has no vendor folder [] []
[2021-05-18 18:52:15] app.INFO: Protect vendor folder in module statsstock [] []
[2021-05-18 18:52:15] app.INFO: Module statsstock has no vendor folder [] []
[2021-05-18 18:52:15] app.INFO: Protect vendor folder in module statsvisits [] []
[2021-05-18 18:52:15] app.INFO: Module statsvisits has no vendor folder [] []
[2021-05-18 18:52:15] app.INFO: Protect vendor folder in module welcome [] []
[2021-05-18 18:52:15] app.INFO: Module welcome has no vendor folder [] []
[2021-05-18 18:52:16] app.INFO: Exporting mail with theme modern for language English (English) [] []
[2021-05-18 18:52:16] app.INFO: Core output folder: /opt/bitnami/prestashop/mails [] []
[2021-05-18 18:52:16] app.INFO: Modules output folder: /opt/bitnami/prestashop/modules/ [] []
[2021-05-18 18:52:26] app.INFO: Protect vendor folder in module gamification [] []
[2021-05-18 18:52:26] app.INFO: Protect vendor folder in module psaddonsconnect [] []
[2021-05-18 18:52:27] app.INFO: Protect vendor folder in module psgdpr [] []
[2021-05-18 18:52:27] app.INFO: Protect vendor folder in module ps_mbo [] []
[2021-05-18 18:52:27] app.INFO: Protect vendor folder in module ps_buybuttonlite [] []
[2021-05-18 18:52:42] app.INFO: Protect vendor folder in module ps_eventbus [] []
[2021-05-18 18:52:42] app.INFO: Protect vendor folder in module ps_accounts [] []
[2021-05-18 18:52:42] app.INFO: Protect vendor folder in module ps_metrics [] []
[2021-05-18 18:52:42] app.INFO: Exporting mail with theme modern for language English (English) [] []
[2021-05-18 18:52:42] app.INFO: Core output folder: /opt/bitnami/prestashop/mails [] []
[2021-05-18 18:52:42] app.INFO: Modules output folder: /opt/bitnami/prestashop/modules/ [] []
[2021-05-18 18:52:42] app.INFO: Protect vendor folder in module blockreassurance [] []
[2021-05-18 18:52:42] app.INFO: Module blockreassurance has no vendor folder [] []
[2021-05-18 18:52:59] app.INFO: Protect vendor folder in module ps_facetedsearch [] []
[2021-05-18 18:52:59] app.INFO: Module ps_facetedsearch has no vendor folder [] []
[2021-05-18 23:13:14] request.ERROR: Uncaught PHP Exception Symfony\Component\HttpKernel\Exception\MethodNotAllowedHttpException: "No route found for "OPTIONS /common/notifications": Method Not Allowed (Allow: POST)" at /bitnami/prestashop/vendor/symfony/symfony/src/Symfony/Component/HttpKernel/EventListener/RouterListener.php line 141 {"exception":"[object] (Symfony\\Component\\HttpKernel\\Exception\\MethodNotAllowedHttpException(code: 0): No route found for \"OPTIONS /common/notifications\": Method Not Allowed (Allow: POST) at /bitnami/prestashop/vendor/symfony/symfony/src/Symfony/Component/HttpKernel/EventListener/RouterListener.php:141, Symfony\\Component\\Routing\\Exception\\MethodNotAllowedException(code: 0):  at /bitnami/prestashop/var/cache/prod/appProdProjectContainerUrlMatcher.php:6538)"} []
[2021-05-18 23:13:14] request.ERROR: Uncaught PHP Exception Symfony\Component\HttpKernel\Exception\MethodNotAllowedHttpException: "No route found for "OPTIONS /common/notifications": Method Not Allowed (Allow: POST)" at /bitnami/prestashop/vendor/symfony/symfony/src/Symfony/Component/HttpKernel/EventListener/RouterListener.php line 141 {"exception":"[object] (Symfony\\Component\\HttpKernel\\Exception\\MethodNotAllowedHttpException(code: 0): No route found for \"OPTIONS /common/notifications\": Method Not Allowed (Allow: POST) at /bitnami/prestashop/vendor/symfony/symfony/src/Symfony/Component/HttpKernel/EventListener/RouterListener.php:141, Symfony\\Component\\Routing\\Exception\\MethodNotAllowedException(code: 0):  at /bitnami/prestashop/var/cache/prod/appProdProjectContainerUrlMatcher.php:6538)"} []
[2021-05-18 23:13:14] request.CRITICAL: Exception thrown when handling an exception (RuntimeException: Unable to create the cache directory (/bitnami/prestashop/var/cache/prod/twig/34). at /bitnami/prestashop/vendor/twig/twig/src/Cache/FilesystemCache.php line 57) {"exception":"[object] (RuntimeException(code: 0): Unable to create the cache directory (/bitnami/prestashop/var/cache/prod/twig/34). at /bitnami/prestashop/vendor/twig/twig/src/Cache/FilesystemCache.php:57)"} []
[2021-05-18 23:13:37] request.ERROR: Uncaught PHP Exception Symfony\Component\HttpKernel\Exception\MethodNotAllowedHttpException: "No route found for "OPTIONS /common/notifications": Method Not Allowed (Allow: POST)" at /bitnami/prestashop/vendor/symfony/symfony/src/Symfony/Component/HttpKernel/EventListener/RouterListener.php line 141 {"exception":"[object] (Symfony\\Component\\HttpKernel\\Exception\\MethodNotAllowedHttpException(code: 0): No route found for \"OPTIONS /common/notifications\": Method Not Allowed (Allow: POST) at /bitnami/prestashop/vendor/symfony/symfony/src/Symfony/Component/HttpKernel/EventListener/RouterListener.php:141, Symfony\\Component\\Routing\\Exception\\MethodNotAllowedException(code: 0):  at /bitnami/prestashop/var/cache/prod/appProdProjectContainerUrlMatcher.php:6538)"} []
[2021-05-18 23:13:37] request.ERROR: Uncaught PHP Exception Symfony\Component\HttpKernel\Exception\MethodNotAllowedHttpException: "No route found for "OPTIONS /common/notifications": Method Not Allowed (Allow: POST)" at /bitnami/prestashop/vendor/symfony/symfony/src/Symfony/Component/HttpKernel/EventListener/RouterListener.php line 141 {"exception":"[object] (Symfony\\Component\\HttpKernel\\Exception\\MethodNotAllowedHttpException(code: 0): No route found for \"OPTIONS /common/notifications\": Method Not Allowed (Allow: POST) at /bitnami/prestashop/vendor/symfony/symfony/src/Symfony/Component/HttpKernel/EventListener/RouterListener.php:141, Symfony\\Component\\Routing\\Exception\\MethodNotAllowedException(code: 0):  at /bitnami/prestashop/var/cache/prod/appProdProjectContainerUrlMatcher.php:6538)"} []
[2021-05-18 23:19:47] request.ERROR: Uncaught PHP Exception Symfony\Component\HttpKernel\Exception\MethodNotAllowedHttpException: "No route found for "OPTIONS /common/notifications": Method Not Allowed (Allow: POST)" at /bitnami/prestashop/vendor/symfony/symfony/src/Symfony/Component/HttpKernel/EventListener/RouterListener.php line 141 {"exception":"[object] (Symfony\\Component\\HttpKernel\\Exception\\MethodNotAllowedHttpException(code: 0): No route found for \"OPTIONS /common/notifications\": Method Not Allowed (Allow: POST) at /bitnami/prestashop/vendor/symfony/symfony/src/Symfony/Component/HttpKernel/EventListener/RouterListener.php:141, Symfony\\Component\\Routing\\Exception\\MethodNotAllowedException(code: 0):  at /bitnami/prestashop/var/cache/prod/appProdProjectContainerUrlMatcher.php:6538)"} []
[2021-05-18 23:19:48] request.ERROR: Uncaught PHP Exception Symfony\Component\HttpKernel\Exception\MethodNotAllowedHttpException: "No route found for "OPTIONS /common/notifications": Method Not Allowed (Allow: POST)" at /bitnami/prestashop/vendor/symfony/symfony/src/Symfony/Component/HttpKernel/EventListener/RouterListener.php line 141 {"exception":"[object] (Symfony\\Component\\HttpKernel\\Exception\\MethodNotAllowedHttpException(code: 0): No route found for \"OPTIONS /common/notifications\": Method Not Allowed (Allow: POST) at /bitnami/prestashop/vendor/symfony/symfony/src/Symfony/Component/HttpKernel/EventListener/RouterListener.php:141, Symfony\\Component\\Routing\\Exception\\MethodNotAllowedException(code: 0):  at /bitnami/prestashop/var/cache/prod/appProdProjectContainerUrlMatcher.php:6538)"} []
[2021-05-18 23:20:03] request.ERROR: Uncaught PHP Exception Symfony\Component\HttpKernel\Exception\MethodNotAllowedHttpException: "No route found for "OPTIONS /common/notifications": Method Not Allowed (Allow: POST)" at /bitnami/prestashop/vendor/symfony/symfony/src/Symfony/Component/HttpKernel/EventListener/RouterListener.php line 141 {"exception":"[object] (Symfony\\Component\\HttpKernel\\Exception\\MethodNotAllowedHttpException(code: 0): No route found for \"OPTIONS /common/notifications\": Method Not Allowed (Allow: POST) at /bitnami/prestashop/vendor/symfony/symfony/src/Symfony/Component/HttpKernel/EventListener/RouterListener.php:141, Symfony\\Component\\Routing\\Exception\\MethodNotAllowedException(code: 0):  at /bitnami/prestashop/var/cache/prod/appProdProjectContainerUrlMatcher.php:6538)"} []
[2021-05-18 23:20:03] request.ERROR: Uncaught PHP Exception Symfony\Component\HttpKernel\Exception\MethodNotAllowedHttpException: "No route found for "OPTIONS /common/notifications": Method Not Allowed (Allow: POST)" at /bitnami/prestashop/vendor/symfony/symfony/src/Symfony/Component/HttpKernel/EventListener/RouterListener.php line 141 {"exception":"[object] (Symfony\\Component\\HttpKernel\\Exception\\MethodNotAllowedHttpException(code: 0): No route found for \"OPTIONS /common/notifications\": Method Not Allowed (Allow: POST) at /bitnami/prestashop/vendor/symfony/symfony/src/Symfony/Component/HttpKernel/EventListener/RouterListener.php:141, Symfony\\Component\\Routing\\Exception\\MethodNotAllowedException(code: 0):  at /bitnami/prestashop/var/cache/prod/appProdProjectContainerUrlMatcher.php:6538)"} []
[2021-05-25 12:21:01] request.INFO: Matched route "admin_customers_view". {"route":"admin_customers_view","route_parameters":{"_controller":"PrestaShopBundle\\Controller\\Admin\\Sell\\Customer\\CustomerController::viewAction","_legacy_controller":"AdminCustomers","_legacy_link":"AdminCustomers:viewcustomer","_legacy_parameters":{"id_customer":"customerId"},"customerId":"3","_route":"admin_customers_view"},"request_uri":"https://beermarkt.com.pa/administration/index.php/sell/customers/3/view?_token=tk_6lbkL7-Z1K44128MkHGV3Li5lFp3iCN00x3Ros0I","method":"GET"} []
[2021-05-25 12:21:01] security.DEBUG: Read existing security token from the session. {"key":"_security_main","token_class":"Symfony\\Component\\Security\\Core\\Authentication\\Token\\UsernamePasswordToken"} []
[2021-05-25 12:21:01] security.DEBUG: User was reloaded from a user provider. {"provider":"PrestaShopBundle\\Security\\Admin\\EmployeeProvider","username":"info@beermarkt.com.pa"} []
[2021-05-25 12:21:02] request.CRITICAL: Uncaught PHP Exception PrestaShopException: "Invalid address #7" at /bitnami/prestashop/classes/Address.php line 529 {"exception":"[object] (PrestaShopException(code: 0): Invalid address #7 at /bitnami/prestashop/classes/Address.php:529)"} []
[2021-05-25 12:21:02] security.DEBUG: Stored the security token in the session. {"key":"_security_main"} []
[2021-06-02 17:31:33] request.CRITICAL: Uncaught PHP Exception Symfony\Component\Debug\Exception\FatalThrowableError: "Type error: Argument 1 passed to PrestaShop\Module\Ps_metrics\Helper\DataHelper::modifyArrayMainKeys() must be of the type array, null given, called in /bitnami/prestashop/modules/ps_metrics/src/Kpi/VisitsKpi.php on line 162" at /bitnami/prestashop/modules/ps_metrics/src/Helper/DataHelper.php line 34 {"exception":"[object] (Symfony\\Component\\Debug\\Exception\\FatalThrowableError(code: 0): Type error: Argument 1 passed to PrestaShop\\Module\\Ps_metrics\\Helper\\DataHelper::modifyArrayMainKeys() must be of the type array, null given, called in /bitnami/prestashop/modules/ps_metrics/src/Kpi/VisitsKpi.php on line 162 at /bitnami/prestashop/modules/ps_metrics/src/Helper/DataHelper.php:34)"} []
[2021-06-02 17:31:33] request.CRITICAL: Uncaught PHP Exception Symfony\Component\Debug\Exception\FatalThrowableError: "Type error: Argument 1 passed to PrestaShop\Module\Ps_metrics\Kpi\VisitsKpi::ConvertHoursFormat() must be of the type array, null given, called in /bitnami/prestashop/modules/ps_metrics/src/Kpi/VisitsKpi.php on line 159" at /bitnami/prestashop/modules/ps_metrics/src/Kpi/VisitsKpi.php line 174 {"exception":"[object] (Symfony\\Component\\Debug\\Exception\\FatalThrowableError(code: 0): Type error: Argument 1 passed to PrestaShop\\Module\\Ps_metrics\\Kpi\\VisitsKpi::ConvertHoursFormat() must be of the type array, null given, called in /bitnami/prestashop/modules/ps_metrics/src/Kpi/VisitsKpi.php on line 159 at /bitnami/prestashop/modules/ps_metrics/src/Kpi/VisitsKpi.php:174)"} []
[2021-06-02 17:31:47] request.CRITICAL: Uncaught PHP Exception Symfony\Component\Debug\Exception\FatalThrowableError: "Type error: Argument 1 passed to PrestaShop\Module\Ps_metrics\Kpi\VisitsKpi::ConvertHoursFormat() must be of the type array, null given, called in /bitnami/prestashop/modules/ps_metrics/src/Kpi/VisitsKpi.php on line 159" at /bitnami/prestashop/modules/ps_metrics/src/Kpi/VisitsKpi.php line 174 {"exception":"[object] (Symfony\\Component\\Debug\\Exception\\FatalThrowableError(code: 0): Type error: Argument 1 passed to PrestaShop\\Module\\Ps_metrics\\Kpi\\VisitsKpi::ConvertHoursFormat() must be of the type array, null given, called in /bitnami/prestashop/modules/ps_metrics/src/Kpi/VisitsKpi.php on line 159 at /bitnami/prestashop/modules/ps_metrics/src/Kpi/VisitsKpi.php:174)"} []
[2021-06-02 17:31:47] request.CRITICAL: Uncaught PHP Exception Symfony\Component\Debug\Exception\FatalThrowableError: "Type error: Argument 1 passed to PrestaShop\Module\Ps_metrics\Helper\DataHelper::modifyArrayMainKeys() must be of the type array, null given, called in /bitnami/prestashop/modules/ps_metrics/src/Kpi/VisitsKpi.php on line 162" at /bitnami/prestashop/modules/ps_metrics/src/Helper/DataHelper.php line 34 {"exception":"[object] (Symfony\\Component\\Debug\\Exception\\FatalThrowableError(code: 0): Type error: Argument 1 passed to PrestaShop\\Module\\Ps_metrics\\Helper\\DataHelper::modifyArrayMainKeys() must be of the type array, null given, called in /bitnami/prestashop/modules/ps_metrics/src/Kpi/VisitsKpi.php on line 162 at /bitnami/prestashop/modules/ps_metrics/src/Helper/DataHelper.php:34)"} []
[2021-06-02 17:32:02] request.CRITICAL: Uncaught PHP Exception Symfony\Component\Debug\Exception\FatalThrowableError: "Type error: Argument 1 passed to PrestaShop\Module\Ps_metrics\Helper\DataHelper::modifyArrayMainKeys() must be of the type array, null given, called in /bitnami/prestashop/modules/ps_metrics/src/Kpi/VisitsKpi.php on line 162" at /bitnami/prestashop/modules/ps_metrics/src/Helper/DataHelper.php line 34 {"exception":"[object] (Symfony\\Component\\Debug\\Exception\\FatalThrowableError(code: 0): Type error: Argument 1 passed to PrestaShop\\Module\\Ps_metrics\\Helper\\DataHelper::modifyArrayMainKeys() must be of the type array, null given, called in /bitnami/prestashop/modules/ps_metrics/src/Kpi/VisitsKpi.php on line 162 at /bitnami/prestashop/modules/ps_metrics/src/Helper/DataHelper.php:34)"} []
[2021-06-02 17:32:02] request.CRITICAL: Uncaught PHP Exception Symfony\Component\Debug\Exception\FatalThrowableError: "Type error: Argument 1 passed to PrestaShop\Module\Ps_metrics\Kpi\VisitsKpi::ConvertHoursFormat() must be of the type array, null given, called in /bitnami/prestashop/modules/ps_metrics/src/Kpi/VisitsKpi.php on line 159" at /bitnami/prestashop/modules/ps_metrics/src/Kpi/VisitsKpi.php line 174 {"exception":"[object] (Symfony\\Component\\Debug\\Exception\\FatalThrowableError(code: 0): Type error: Argument 1 passed to PrestaShop\\Module\\Ps_metrics\\Kpi\\VisitsKpi::ConvertHoursFormat() must be of the type array, null given, called in /bitnami/prestashop/modules/ps_metrics/src/Kpi/VisitsKpi.php on line 159 at /bitnami/prestashop/modules/ps_metrics/src/Kpi/VisitsKpi.php:174)"} []
[2021-06-02 17:35:19] request.CRITICAL: Uncaught PHP Exception Symfony\Component\Debug\Exception\FatalThrowableError: "Type error: Argument 1 passed to PrestaShop\Module\Ps_metrics\Helper\DataHelper::modifyArrayMainKeys() must be of the type array, null given, called in /bitnami/prestashop/modules/ps_metrics/src/Kpi/VisitsKpi.php on line 162" at /bitnami/prestashop/modules/ps_metrics/src/Helper/DataHelper.php line 34 {"exception":"[object] (Symfony\\Component\\Debug\\Exception\\FatalThrowableError(code: 0): Type error: Argument 1 passed to PrestaShop\\Module\\Ps_metrics\\Helper\\DataHelper::modifyArrayMainKeys() must be of the type array, null given, called in /bitnami/prestashop/modules/ps_metrics/src/Kpi/VisitsKpi.php on line 162 at /bitnami/prestashop/modules/ps_metrics/src/Helper/DataHelper.php:34)"} []
[2021-06-02 17:35:20] request.CRITICAL: Uncaught PHP Exception Symfony\Component\Debug\Exception\FatalThrowableError: "Type error: Argument 1 passed to PrestaShop\Module\Ps_metrics\Kpi\VisitsKpi::ConvertHoursFormat() must be of the type array, null given, called in /bitnami/prestashop/modules/ps_metrics/src/Kpi/VisitsKpi.php on line 159" at /bitnami/prestashop/modules/ps_metrics/src/Kpi/VisitsKpi.php line 174 {"exception":"[object] (Symfony\\Component\\Debug\\Exception\\FatalThrowableError(code: 0): Type error: Argument 1 passed to PrestaShop\\Module\\Ps_metrics\\Kpi\\VisitsKpi::ConvertHoursFormat() must be of the type array, null given, called in /bitnami/prestashop/modules/ps_metrics/src/Kpi/VisitsKpi.php on line 159 at /bitnami/prestashop/modules/ps_metrics/src/Kpi/VisitsKpi.php:174)"} []
[2021-06-02 17:41:03] request.CRITICAL: Uncaught PHP Exception Symfony\Component\Debug\Exception\FatalThrowableError: "Type error: Argument 1 passed to PrestaShop\Module\Ps_metrics\Kpi\VisitsKpi::ConvertHoursFormat() must be of the type array, null given, called in /bitnami/prestashop/modules/ps_metrics/src/Kpi/VisitsKpi.php on line 159" at /bitnami/prestashop/modules/ps_metrics/src/Kpi/VisitsKpi.php line 174 {"exception":"[object] (Symfony\\Component\\Debug\\Exception\\FatalThrowableError(code: 0): Type error: Argument 1 passed to PrestaShop\\Module\\Ps_metrics\\Kpi\\VisitsKpi::ConvertHoursFormat() must be of the type array, null given, called in /bitnami/prestashop/modules/ps_metrics/src/Kpi/VisitsKpi.php on line 159 at /bitnami/prestashop/modules/ps_metrics/src/Kpi/VisitsKpi.php:174)"} []
[2021-06-02 17:41:03] request.CRITICAL: Uncaught PHP Exception Symfony\Component\Debug\Exception\FatalThrowableError: "Type error: Argument 1 passed to PrestaShop\Module\Ps_metrics\Helper\DataHelper::modifyArrayMainKeys() must be of the type array, null given, called in /bitnami/prestashop/modules/ps_metrics/src/Kpi/VisitsKpi.php on line 162" at /bitnami/prestashop/modules/ps_metrics/src/Helper/DataHelper.php line 34 {"exception":"[object] (Symfony\\Component\\Debug\\Exception\\FatalThrowableError(code: 0): Type error: Argument 1 passed to PrestaShop\\Module\\Ps_metrics\\Helper\\DataHelper::modifyArrayMainKeys() must be of the type array, null given, called in /bitnami/prestashop/modules/ps_metrics/src/Kpi/VisitsKpi.php on line 162 at /bitnami/prestashop/modules/ps_metrics/src/Helper/DataHelper.php:34)"} []
[2021-06-02 18:43:06] request.CRITICAL: Uncaught PHP Exception Symfony\Component\Debug\Exception\FatalThrowableError: "Type error: Argument 1 passed to PrestaShop\Module\Ps_metrics\Helper\DataHelper::modifyArrayMainKeys() must be of the type array, null given, called in /bitnami/prestashop/modules/ps_metrics/src/Kpi/VisitsKpi.php on line 162" at /bitnami/prestashop/modules/ps_metrics/src/Helper/DataHelper.php line 34 {"exception":"[object] (Symfony\\Component\\Debug\\Exception\\FatalThrowableError(code: 0): Type error: Argument 1 passed to PrestaShop\\Module\\Ps_metrics\\Helper\\DataHelper::modifyArrayMainKeys() must be of the type array, null given, called in /bitnami/prestashop/modules/ps_metrics/src/Kpi/VisitsKpi.php on line 162 at /bitnami/prestashop/modules/ps_metrics/src/Helper/DataHelper.php:34)"} []
[2021-06-02 18:43:07] request.CRITICAL: Uncaught PHP Exception Symfony\Component\Debug\Exception\FatalThrowableError: "Type error: Argument 1 passed to PrestaShop\Module\Ps_metrics\Kpi\VisitsKpi::ConvertHoursFormat() must be of the type array, null given, called in /bitnami/prestashop/modules/ps_metrics/src/Kpi/VisitsKpi.php on line 159" at /bitnami/prestashop/modules/ps_metrics/src/Kpi/VisitsKpi.php line 174 {"exception":"[object] (Symfony\\Component\\Debug\\Exception\\FatalThrowableError(code: 0): Type error: Argument 1 passed to PrestaShop\\Module\\Ps_metrics\\Kpi\\VisitsKpi::ConvertHoursFormat() must be of the type array, null given, called in /bitnami/prestashop/modules/ps_metrics/src/Kpi/VisitsKpi.php on line 159 at /bitnami/prestashop/modules/ps_metrics/src/Kpi/VisitsKpi.php:174)"} []
[2021-06-02 18:51:18] request.CRITICAL: Uncaught PHP Exception Symfony\Component\Debug\Exception\FatalThrowableError: "Type error: Argument 1 passed to PrestaShop\Module\Ps_metrics\Kpi\VisitsKpi::ConvertHoursFormat() must be of the type array, null given, called in /bitnami/prestashop/modules/ps_metrics/src/Kpi/VisitsKpi.php on line 159" at /bitnami/prestashop/modules/ps_metrics/src/Kpi/VisitsKpi.php line 174 {"exception":"[object] (Symfony\\Component\\Debug\\Exception\\FatalThrowableError(code: 0): Type error: Argument 1 passed to PrestaShop\\Module\\Ps_metrics\\Kpi\\VisitsKpi::ConvertHoursFormat() must be of the type array, null given, called in /bitnami/prestashop/modules/ps_metrics/src/Kpi/VisitsKpi.php on line 159 at /bitnami/prestashop/modules/ps_metrics/src/Kpi/VisitsKpi.php:174)"} []
[2021-06-02 18:51:18] request.CRITICAL: Uncaught PHP Exception Symfony\Component\Debug\Exception\FatalThrowableError: "Type error: Argument 1 passed to PrestaShop\Module\Ps_metrics\Helper\DataHelper::modifyArrayMainKeys() must be of the type array, null given, called in /bitnami/prestashop/modules/ps_metrics/src/Kpi/VisitsKpi.php on line 162" at /bitnami/prestashop/modules/ps_metrics/src/Helper/DataHelper.php line 34 {"exception":"[object] (Symfony\\Component\\Debug\\Exception\\FatalThrowableError(code: 0): Type error: Argument 1 passed to PrestaShop\\Module\\Ps_metrics\\Helper\\DataHelper::modifyArrayMainKeys() must be of the type array, null given, called in /bitnami/prestashop/modules/ps_metrics/src/Kpi/VisitsKpi.php on line 162 at /bitnami/prestashop/modules/ps_metrics/src/Helper/DataHelper.php:34)"} []
[2021-06-02 18:51:36] request.CRITICAL: Uncaught PHP Exception Symfony\Component\Debug\Exception\FatalThrowableError: "Type error: Argument 1 passed to PrestaShop\Module\Ps_metrics\Helper\DataHelper::modifyArrayMainKeys() must be of the type array, null given, called in /bitnami/prestashop/modules/ps_metrics/src/Kpi/VisitsKpi.php on line 162" at /bitnami/prestashop/modules/ps_metrics/src/Helper/DataHelper.php line 34 {"exception":"[object] (Symfony\\Component\\Debug\\Exception\\FatalThrowableError(code: 0): Type error: Argument 1 passed to PrestaShop\\Module\\Ps_metrics\\Helper\\DataHelper::modifyArrayMainKeys() must be of the type array, null given, called in /bitnami/prestashop/modules/ps_metrics/src/Kpi/VisitsKpi.php on line 162 at /bitnami/prestashop/modules/ps_metrics/src/Helper/DataHelper.php:34)"} []
[2021-06-02 18:51:36] request.CRITICAL: Uncaught PHP Exception Symfony\Component\Debug\Exception\FatalThrowableError: "Type error: Argument 1 passed to PrestaShop\Module\Ps_metrics\Kpi\VisitsKpi::ConvertHoursFormat() must be of the type array, null given, called in /bitnami/prestashop/modules/ps_metrics/src/Kpi/VisitsKpi.php on line 159" at /bitnami/prestashop/modules/ps_metrics/src/Kpi/VisitsKpi.php line 174 {"exception":"[object] (Symfony\\Component\\Debug\\Exception\\FatalThrowableError(code: 0): Type error: Argument 1 passed to PrestaShop\\Module\\Ps_metrics\\Kpi\\VisitsKpi::ConvertHoursFormat() must be of the type array, null given, called in /bitnami/prestashop/modules/ps_metrics/src/Kpi/VisitsKpi.php on line 159 at /bitnami/prestashop/modules/ps_metrics/src/Kpi/VisitsKpi.php:174)"} []
[2021-06-02 18:53:58] request.CRITICAL: Uncaught PHP Exception Symfony\Component\Debug\Exception\FatalThrowableError: "Type error: Argument 1 passed to PrestaShop\Module\Ps_metrics\Helper\DataHelper::modifyArrayMainKeys() must be of the type array, null given, called in /bitnami/prestashop/modules/ps_metrics/src/Kpi/VisitsKpi.php on line 162" at /bitnami/prestashop/modules/ps_metrics/src/Helper/DataHelper.php line 34 {"exception":"[object] (Symfony\\Component\\Debug\\Exception\\FatalThrowableError(code: 0): Type error: Argument 1 passed to PrestaShop\\Module\\Ps_metrics\\Helper\\DataHelper::modifyArrayMainKeys() must be of the type array, null given, called in /bitnami/prestashop/modules/ps_metrics/src/Kpi/VisitsKpi.php on line 162 at /bitnami/prestashop/modules/ps_metrics/src/Helper/DataHelper.php:34)"} []
[2021-06-02 18:53:59] request.CRITICAL: Uncaught PHP Exception Symfony\Component\Debug\Exception\FatalThrowableError: "Type error: Argument 1 passed to PrestaShop\Module\Ps_metrics\Kpi\VisitsKpi::ConvertHoursFormat() must be of the type array, null given, called in /bitnami/prestashop/modules/ps_metrics/src/Kpi/VisitsKpi.php on line 159" at /bitnami/prestashop/modules/ps_metrics/src/Kpi/VisitsKpi.php line 174 {"exception":"[object] (Symfony\\Component\\Debug\\Exception\\FatalThrowableError(code: 0): Type error: Argument 1 passed to PrestaShop\\Module\\Ps_metrics\\Kpi\\VisitsKpi::ConvertHoursFormat() must be of the type array, null given, called in /bitnami/prestashop/modules/ps_metrics/src/Kpi/VisitsKpi.php on line 159 at /bitnami/prestashop/modules/ps_metrics/src/Kpi/VisitsKpi.php:174)"} []
[2021-06-02 19:33:21] request.CRITICAL: Uncaught PHP Exception Symfony\Component\Debug\Exception\FatalThrowableError: "Type error: Argument 1 passed to PrestaShop\Module\Ps_metrics\Kpi\VisitsKpi::ConvertHoursFormat() must be of the type array, null given, called in /bitnami/prestashop/modules/ps_metrics/src/Kpi/VisitsKpi.php on line 159" at /bitnami/prestashop/modules/ps_metrics/src/Kpi/VisitsKpi.php line 174 {"exception":"[object] (Symfony\\Component\\Debug\\Exception\\FatalThrowableError(code: 0): Type error: Argument 1 passed to PrestaShop\\Module\\Ps_metrics\\Kpi\\VisitsKpi::ConvertHoursFormat() must be of the type array, null given, called in /bitnami/prestashop/modules/ps_metrics/src/Kpi/VisitsKpi.php on line 159 at /bitnami/prestashop/modules/ps_metrics/src/Kpi/VisitsKpi.php:174)"} []
[2021-06-02 19:33:21] request.CRITICAL: Uncaught PHP Exception Symfony\Component\Debug\Exception\FatalThrowableError: "Type error: Argument 1 passed to PrestaShop\Module\Ps_metrics\Helper\DataHelper::modifyArrayMainKeys() must be of the type array, null given, called in /bitnami/prestashop/modules/ps_metrics/src/Kpi/VisitsKpi.php on line 162" at /bitnami/prestashop/modules/ps_metrics/src/Helper/DataHelper.php line 34 {"exception":"[object] (Symfony\\Component\\Debug\\Exception\\FatalThrowableError(code: 0): Type error: Argument 1 passed to PrestaShop\\Module\\Ps_metrics\\Helper\\DataHelper::modifyArrayMainKeys() must be of the type array, null given, called in /bitnami/prestashop/modules/ps_metrics/src/Kpi/VisitsKpi.php on line 162 at /bitnami/prestashop/modules/ps_metrics/src/Helper/DataHelper.php:34)"} []
[2021-06-04 19:26:20] request.CRITICAL: Uncaught PHP Exception Symfony\Component\Debug\Exception\FatalThrowableError: "Type error: Argument 1 passed to PrestaShop\Module\Ps_metrics\Helper\DataHelper::modifyArrayMainKeys() must be of the type array, null given, called in /bitnami/prestashop/modules/ps_metrics/src/Kpi/VisitsKpi.php on line 162" at /bitnami/prestashop/modules/ps_metrics/src/Helper/DataHelper.php line 34 {"exception":"[object] (Symfony\\Component\\Debug\\Exception\\FatalThrowableError(code: 0): Type error: Argument 1 passed to PrestaShop\\Module\\Ps_metrics\\Helper\\DataHelper::modifyArrayMainKeys() must be of the type array, null given, called in /bitnami/prestashop/modules/ps_metrics/src/Kpi/VisitsKpi.php on line 162 at /bitnami/prestashop/modules/ps_metrics/src/Helper/DataHelper.php:34)"} []
[2021-06-04 19:26:21] request.CRITICAL: Uncaught PHP Exception Symfony\Component\Debug\Exception\FatalThrowableError: "Type error: Argument 1 passed to PrestaShop\Module\Ps_metrics\Kpi\VisitsKpi::ConvertHoursFormat() must be of the type array, null given, called in /bitnami/prestashop/modules/ps_metrics/src/Kpi/VisitsKpi.php on line 159" at /bitnami/prestashop/modules/ps_metrics/src/Kpi/VisitsKpi.php line 174 {"exception":"[object] (Symfony\\Component\\Debug\\Exception\\FatalThrowableError(code: 0): Type error: Argument 1 passed to PrestaShop\\Module\\Ps_metrics\\Kpi\\VisitsKpi::ConvertHoursFormat() must be of the type array, null given, called in /bitnami/prestashop/modules/ps_metrics/src/Kpi/VisitsKpi.php on line 159 at /bitnami/prestashop/modules/ps_metrics/src/Kpi/VisitsKpi.php:174)"} []
[2021-06-14 18:32:37] request.CRITICAL: Uncaught PHP Exception Symfony\Component\Debug\Exception\FatalThrowableError: "Type error: Argument 1 passed to PrestaShop\Module\Ps_metrics\Helper\DataHelper::modifyArrayMainKeys() must be of the type array, null given, called in /bitnami/prestashop/modules/ps_metrics/src/Kpi/VisitsKpi.php on line 162" at /bitnami/prestashop/modules/ps_metrics/src/Helper/DataHelper.php line 34 {"exception":"[object] (Symfony\\Component\\Debug\\Exception\\FatalThrowableError(code: 0): Type error: Argument 1 passed to PrestaShop\\Module\\Ps_metrics\\Helper\\DataHelper::modifyArrayMainKeys() must be of the type array, null given, called in /bitnami/prestashop/modules/ps_metrics/src/Kpi/VisitsKpi.php on line 162 at /bitnami/prestashop/modules/ps_metrics/src/Helper/DataHelper.php:34)"} []
[2021-06-14 18:32:38] request.CRITICAL: Uncaught PHP Exception Symfony\Component\Debug\Exception\FatalThrowableError: "Type error: Argument 1 passed to PrestaShop\Module\Ps_metrics\Helper\DataHelper::modifyArrayMainKeys() must be of the type array, null given, called in /bitnami/prestashop/modules/ps_metrics/src/Kpi/VisitsKpi.php on line 162" at /bitnami/prestashop/modules/ps_metrics/src/Helper/DataHelper.php line 34 {"exception":"[object] (Symfony\\Component\\Debug\\Exception\\FatalThrowableError(code: 0): Type error: Argument 1 passed to PrestaShop\\Module\\Ps_metrics\\Helper\\DataHelper::modifyArrayMainKeys() must be of the type array, null given, called in /bitnami/prestashop/modules/ps_metrics/src/Kpi/VisitsKpi.php on line 162 at /bitnami/prestashop/modules/ps_metrics/src/Helper/DataHelper.php:34)"} []
[2021-06-18 20:47:38] request.INFO: Matched route "admin_customers_view". {"route":"admin_customers_view","route_parameters":{"_controller":"PrestaShopBundle\\Controller\\Admin\\Sell\\Customer\\CustomerController::viewAction","_legacy_controller":"AdminCustomers","_legacy_link":"AdminCustomers:viewcustomer","_legacy_parameters":{"id_customer":"customerId"},"customerId":"3","_route":"admin_customers_view"},"request_uri":"https://beermarkt.com.pa/administration/index.php/sell/customers/3/view?_token=n_IX5-O4fyvsqKBi0g6CKETvmLXcawurp5AsMMcvCrw","method":"GET"} []
[2021-06-18 20:47:38] security.DEBUG: Read existing security token from the session. {"key":"_security_main","token_class":"Symfony\\Component\\Security\\Core\\Authentication\\Token\\UsernamePasswordToken"} []
[2021-06-18 20:47:38] security.DEBUG: User was reloaded from a user provider. {"provider":"PrestaShopBundle\\Security\\Admin\\EmployeeProvider","username":"info@beermarkt.com.pa"} []
[2021-06-18 20:47:40] request.CRITICAL: Uncaught PHP Exception PrestaShopException: "Invalid address #7" at /bitnami/prestashop/classes/Address.php line 529 {"exception":"[object] (PrestaShopException(code: 0): Invalid address #7 at /bitnami/prestashop/classes/Address.php:529)"} []
[2021-06-18 20:47:40] security.DEBUG: Stored the security token in the session. {"key":"_security_main"} []
[2021-07-01 11:21:30] request.CRITICAL: Uncaught PHP Exception Symfony\Component\Debug\Exception\FatalThrowableError: "Type error: Argument 1 passed to PrestaShop\Module\Ps_metrics\Helper\DataHelper::modifyArrayMainKeys() must be of the type array, null given, called in /bitnami/prestashop/modules/ps_metrics/src/Kpi/VisitsKpi.php on line 162" at /bitnami/prestashop/modules/ps_metrics/src/Helper/DataHelper.php line 34 {"exception":"[object] (Symfony\\Component\\Debug\\Exception\\FatalThrowableError(code: 0): Type error: Argument 1 passed to PrestaShop\\Module\\Ps_metrics\\Helper\\DataHelper::modifyArrayMainKeys() must be of the type array, null given, called in /bitnami/prestashop/modules/ps_metrics/src/Kpi/VisitsKpi.php on line 162 at /bitnami/prestashop/modules/ps_metrics/src/Helper/DataHelper.php:34)"} []
[2021-07-01 11:21:31] request.CRITICAL: Uncaught PHP Exception Symfony\Component\Debug\Exception\FatalThrowableError: "Type error: Argument 1 passed to PrestaShop\Module\Ps_metrics\Helper\DataHelper::modifyArrayMainKeys() must be of the type array, null given, called in /bitnami/prestashop/modules/ps_metrics/src/Kpi/VisitsKpi.php on line 162" at /bitnami/prestashop/modules/ps_metrics/src/Helper/DataHelper.php line 34 {"exception":"[object] (Symfony\\Component\\Debug\\Exception\\FatalThrowableError(code: 0): Type error: Argument 1 passed to PrestaShop\\Module\\Ps_metrics\\Helper\\DataHelper::modifyArrayMainKeys() must be of the type array, null given, called in /bitnami/prestashop/modules/ps_metrics/src/Kpi/VisitsKpi.php on line 162 at /bitnami/prestashop/modules/ps_metrics/src/Helper/DataHelper.php:34)"} []
[2021-07-01 11:21:45] request.CRITICAL: Uncaught PHP Exception Symfony\Component\Debug\Exception\FatalThrowableError: "Type error: Argument 1 passed to PrestaShop\Module\Ps_metrics\Helper\DataHelper::modifyArrayMainKeys() must be of the type array, null given, called in /bitnami/prestashop/modules/ps_metrics/src/Kpi/VisitsKpi.php on line 162" at /bitnami/prestashop/modules/ps_metrics/src/Helper/DataHelper.php line 34 {"exception":"[object] (Symfony\\Component\\Debug\\Exception\\FatalThrowableError(code: 0): Type error: Argument 1 passed to PrestaShop\\Module\\Ps_metrics\\Helper\\DataHelper::modifyArrayMainKeys() must be of the type array, null given, called in /bitnami/prestashop/modules/ps_metrics/src/Kpi/VisitsKpi.php on line 162 at /bitnami/prestashop/modules/ps_metrics/src/Helper/DataHelper.php:34)"} []
[2021-07-01 11:21:45] request.CRITICAL: Uncaught PHP Exception Symfony\Component\Debug\Exception\FatalThrowableError: "Type error: Argument 1 passed to PrestaShop\Module\Ps_metrics\Helper\DataHelper::modifyArrayMainKeys() must be of the type array, null given, called in /bitnami/prestashop/modules/ps_metrics/src/Kpi/VisitsKpi.php on line 162" at /bitnami/prestashop/modules/ps_metrics/src/Helper/DataHelper.php line 34 {"exception":"[object] (Symfony\\Component\\Debug\\Exception\\FatalThrowableError(code: 0): Type error: Argument 1 passed to PrestaShop\\Module\\Ps_metrics\\Helper\\DataHelper::modifyArrayMainKeys() must be of the type array, null given, called in /bitnami/prestashop/modules/ps_metrics/src/Kpi/VisitsKpi.php on line 162 at /bitnami/prestashop/modules/ps_metrics/src/Helper/DataHelper.php:34)"} []
[2021-07-01 11:21:50] request.CRITICAL: Uncaught PHP Exception Symfony\Component\Debug\Exception\FatalThrowableError: "Type error: Argument 1 passed to PrestaShop\Module\Ps_metrics\Helper\DataHelper::modifyArrayMainKeys() must be of the type array, null given, called in /bitnami/prestashop/modules/ps_metrics/src/Kpi/VisitsKpi.php on line 162" at /bitnami/prestashop/modules/ps_metrics/src/Helper/DataHelper.php line 34 {"exception":"[object] (Symfony\\Component\\Debug\\Exception\\FatalThrowableError(code: 0): Type error: Argument 1 passed to PrestaShop\\Module\\Ps_metrics\\Helper\\DataHelper::modifyArrayMainKeys() must be of the type array, null given, called in /bitnami/prestashop/modules/ps_metrics/src/Kpi/VisitsKpi.php on line 162 at /bitnami/prestashop/modules/ps_metrics/src/Helper/DataHelper.php:34)"} []
[2021-07-01 11:21:51] request.CRITICAL: Uncaught PHP Exception Symfony\Component\Debug\Exception\FatalThrowableError: "Type error: Argument 1 passed to PrestaShop\Module\Ps_metrics\Helper\DataHelper::modifyArrayMainKeys() must be of the type array, null given, called in /bitnami/prestashop/modules/ps_metrics/src/Kpi/VisitsKpi.php on line 162" at /bitnami/prestashop/modules/ps_metrics/src/Helper/DataHelper.php line 34 {"exception":"[object] (Symfony\\Component\\Debug\\Exception\\FatalThrowableError(code: 0): Type error: Argument 1 passed to PrestaShop\\Module\\Ps_metrics\\Helper\\DataHelper::modifyArrayMainKeys() must be of the type array, null given, called in /bitnami/prestashop/modules/ps_metrics/src/Kpi/VisitsKpi.php on line 162 at /bitnami/prestashop/modules/ps_metrics/src/Helper/DataHelper.php:34)"} []
[2021-07-01 11:22:03] request.CRITICAL: Uncaught PHP Exception Symfony\Component\Debug\Exception\FatalThrowableError: "Type error: Argument 1 passed to PrestaShop\Module\Ps_metrics\Helper\DataHelper::modifyArrayMainKeys() must be of the type array, null given, called in /bitnami/prestashop/modules/ps_metrics/src/Kpi/VisitsKpi.php on line 162" at /bitnami/prestashop/modules/ps_metrics/src/Helper/DataHelper.php line 34 {"exception":"[object] (Symfony\\Component\\Debug\\Exception\\FatalThrowableError(code: 0): Type error: Argument 1 passed to PrestaShop\\Module\\Ps_metrics\\Helper\\DataHelper::modifyArrayMainKeys() must be of the type array, null given, called in /bitnami/prestashop/modules/ps_metrics/src/Kpi/VisitsKpi.php on line 162 at /bitnami/prestashop/modules/ps_metrics/src/Helper/DataHelper.php:34)"} []
[2021-07-01 11:22:03] request.CRITICAL: Uncaught PHP Exception Symfony\Component\Debug\Exception\FatalThrowableError: "Type error: Argument 1 passed to PrestaShop\Module\Ps_metrics\Helper\DataHelper::modifyArrayMainKeys() must be of the type array, null given, called in /bitnami/prestashop/modules/ps_metrics/src/Kpi/VisitsKpi.php on line 162" at /bitnami/prestashop/modules/ps_metrics/src/Helper/DataHelper.php line 34 {"exception":"[object] (Symfony\\Component\\Debug\\Exception\\FatalThrowableError(code: 0): Type error: Argument 1 passed to PrestaShop\\Module\\Ps_metrics\\Helper\\DataHelper::modifyArrayMainKeys() must be of the type array, null given, called in /bitnami/prestashop/modules/ps_metrics/src/Kpi/VisitsKpi.php on line 162 at /bitnami/prestashop/modules/ps_metrics/src/Helper/DataHelper.php:34)"} []
[2021-07-01 11:25:23] request.CRITICAL: Uncaught PHP Exception Symfony\Component\Debug\Exception\FatalThrowableError: "Type error: Argument 1 passed to PrestaShop\Module\Ps_metrics\Helper\DataHelper::modifyArrayMainKeys() must be of the type array, null given, called in /bitnami/prestashop/modules/ps_metrics/src/Kpi/VisitsKpi.php on line 162" at /bitnami/prestashop/modules/ps_metrics/src/Helper/DataHelper.php line 34 {"exception":"[object] (Symfony\\Component\\Debug\\Exception\\FatalThrowableError(code: 0): Type error: Argument 1 passed to PrestaShop\\Module\\Ps_metrics\\Helper\\DataHelper::modifyArrayMainKeys() must be of the type array, null given, called in /bitnami/prestashop/modules/ps_metrics/src/Kpi/VisitsKpi.php on line 162 at /bitnami/prestashop/modules/ps_metrics/src/Helper/DataHelper.php:34)"} []
[2021-07-01 11:25:24] request.CRITICAL: Uncaught PHP Exception Symfony\Component\Debug\Exception\FatalThrowableError: "Type error: Argument 1 passed to PrestaShop\Module\Ps_metrics\Helper\DataHelper::modifyArrayMainKeys() must be of the type array, null given, called in /bitnami/prestashop/modules/ps_metrics/src/Kpi/VisitsKpi.php on line 162" at /bitnami/prestashop/modules/ps_metrics/src/Helper/DataHelper.php line 34 {"exception":"[object] (Symfony\\Component\\Debug\\Exception\\FatalThrowableError(code: 0): Type error: Argument 1 passed to PrestaShop\\Module\\Ps_metrics\\Helper\\DataHelper::modifyArrayMainKeys() must be of the type array, null given, called in /bitnami/prestashop/modules/ps_metrics/src/Kpi/VisitsKpi.php on line 162 at /bitnami/prestashop/modules/ps_metrics/src/Helper/DataHelper.php:34)"} []
[2021-07-05 09:21:39] request.CRITICAL: Uncaught PHP Exception Symfony\Component\Debug\Exception\FatalThrowableError: "Type error: Argument 1 passed to PrestaShop\Module\Ps_metrics\Helper\DataHelper::modifyArrayMainKeys() must be of the type array, null given, called in /bitnami/prestashop/modules/ps_metrics/src/Kpi/VisitsKpi.php on line 162" at /bitnami/prestashop/modules/ps_metrics/src/Helper/DataHelper.php line 34 {"exception":"[object] (Symfony\\Component\\Debug\\Exception\\FatalThrowableError(code: 0): Type error: Argument 1 passed to PrestaShop\\Module\\Ps_metrics\\Helper\\DataHelper::modifyArrayMainKeys() must be of the type array, null given, called in /bitnami/prestashop/modules/ps_metrics/src/Kpi/VisitsKpi.php on line 162 at /bitnami/prestashop/modules/ps_metrics/src/Helper/DataHelper.php:34)"} []
[2021-07-05 09:21:39] request.CRITICAL: Uncaught PHP Exception Symfony\Component\Debug\Exception\FatalThrowableError: "Type error: Argument 1 passed to PrestaShop\Module\Ps_metrics\Helper\DataHelper::modifyArrayMainKeys() must be of the type array, null given, called in /bitnami/prestashop/modules/ps_metrics/src/Kpi/VisitsKpi.php on line 162" at /bitnami/prestashop/modules/ps_metrics/src/Helper/DataHelper.php line 34 {"exception":"[object] (Symfony\\Component\\Debug\\Exception\\FatalThrowableError(code: 0): Type error: Argument 1 passed to PrestaShop\\Module\\Ps_metrics\\Helper\\DataHelper::modifyArrayMainKeys() must be of the type array, null given, called in /bitnami/prestashop/modules/ps_metrics/src/Kpi/VisitsKpi.php on line 162 at /bitnami/prestashop/modules/ps_metrics/src/Helper/DataHelper.php:34)"} []
[2021-07-05 09:21:57] request.CRITICAL: Uncaught PHP Exception Symfony\Component\Debug\Exception\FatalThrowableError: "Type error: Argument 1 passed to PrestaShop\Module\Ps_metrics\Helper\DataHelper::modifyArrayMainKeys() must be of the type array, null given, called in /bitnami/prestashop/modules/ps_metrics/src/Kpi/VisitsKpi.php on line 162" at /bitnami/prestashop/modules/ps_metrics/src/Helper/DataHelper.php line 34 {"exception":"[object] (Symfony\\Component\\Debug\\Exception\\FatalThrowableError(code: 0): Type error: Argument 1 passed to PrestaShop\\Module\\Ps_metrics\\Helper\\DataHelper::modifyArrayMainKeys() must be of the type array, null given, called in /bitnami/prestashop/modules/ps_metrics/src/Kpi/VisitsKpi.php on line 162 at /bitnami/prestashop/modules/ps_metrics/src/Helper/DataHelper.php:34)"} []
[2021-07-05 09:21:57] request.CRITICAL: Uncaught PHP Exception Symfony\Component\Debug\Exception\FatalThrowableError: "Type error: Argument 1 passed to PrestaShop\Module\Ps_metrics\Helper\DataHelper::modifyArrayMainKeys() must be of the type array, null given, called in /bitnami/prestashop/modules/ps_metrics/src/Kpi/VisitsKpi.php on line 162" at /bitnami/prestashop/modules/ps_metrics/src/Helper/DataHelper.php line 34 {"exception":"[object] (Symfony\\Component\\Debug\\Exception\\FatalThrowableError(code: 0): Type error: Argument 1 passed to PrestaShop\\Module\\Ps_metrics\\Helper\\DataHelper::modifyArrayMainKeys() must be of the type array, null given, called in /bitnami/prestashop/modules/ps_metrics/src/Kpi/VisitsKpi.php on line 162 at /bitnami/prestashop/modules/ps_metrics/src/Helper/DataHelper.php:34)"} []
[2021-07-06 13:04:45] request.INFO: Matched route "admin_product_unit_action". {"route":"admin_product_unit_action","route_parameters":{"_controller":"PrestaShopBundle\\Controller\\Admin\\ProductController::unitAction","action":"delete","id":"957","_route":"admin_product_unit_action"},"request_uri":"https://beermarkt.com.pa/administration/index.php/sell/catalog/products/unit/delete/957?_token=u7Hgf4IVPJzEdrbLrwPQWKxc1aqmlN0ZrhQ90WytIHs","method":"POST"} []
[2021-07-06 13:04:45] security.DEBUG: Read existing security token from the session. {"key":"_security_main","token_class":"Symfony\\Component\\Security\\Core\\Authentication\\Token\\UsernamePasswordToken"} []
[2021-07-06 13:04:45] security.DEBUG: User was reloaded from a user provider. {"provider":"PrestaShopBundle\\Security\\Admin\\EmployeeProvider","username":"info@beermarkt.com.pa"} []
[2021-07-06 13:04:45] request.CRITICAL: Uncaught PHP Exception Exception: "AdminProductDataUpdater->deleteProduct() received an unknown ID." at /bitnami/prestashop/src/Adapter/Product/AdminProductDataUpdater.php line 152 {"exception":"[object] (Exception(code: 5005): AdminProductDataUpdater->deleteProduct() received an unknown ID. at /bitnami/prestashop/src/Adapter/Product/AdminProductDataUpdater.php:152)"} []
[2021-07-06 13:04:45] security.DEBUG: Stored the security token in the session. {"key":"_security_main"} []
[2021-07-13 17:25:31] request.CRITICAL: Uncaught PHP Exception Symfony\Component\Debug\Exception\FatalThrowableError: "Type error: Argument 1 passed to PrestaShop\Module\Ps_metrics\Helper\DataHelper::modifyArrayMainKeys() must be of the type array, null given, called in /bitnami/prestashop/modules/ps_metrics/src/Kpi/VisitsKpi.php on line 162" at /bitnami/prestashop/modules/ps_metrics/src/Helper/DataHelper.php line 34 {"exception":"[object] (Symfony\\Component\\Debug\\Exception\\FatalThrowableError(code: 0): Type error: Argument 1 passed to PrestaShop\\Module\\Ps_metrics\\Helper\\DataHelper::modifyArrayMainKeys() must be of the type array, null given, called in /bitnami/prestashop/modules/ps_metrics/src/Kpi/VisitsKpi.php on line 162 at /bitnami/prestashop/modules/ps_metrics/src/Helper/DataHelper.php:34)"} []
[2021-07-13 17:25:31] request.CRITICAL: Uncaught PHP Exception Symfony\Component\Debug\Exception\FatalThrowableError: "Type error: Argument 1 passed to PrestaShop\Module\Ps_metrics\Helper\DataHelper::modifyArrayMainKeys() must be of the type array, null given, called in /bitnami/prestashop/modules/ps_metrics/src/Kpi/VisitsKpi.php on line 162" at /bitnami/prestashop/modules/ps_metrics/src/Helper/DataHelper.php line 34 {"exception":"[object] (Symfony\\Component\\Debug\\Exception\\FatalThrowableError(code: 0): Type error: Argument 1 passed to PrestaShop\\Module\\Ps_metrics\\Helper\\DataHelper::modifyArrayMainKeys() must be of the type array, null given, called in /bitnami/prestashop/modules/ps_metrics/src/Kpi/VisitsKpi.php on line 162 at /bitnami/prestashop/modules/ps_metrics/src/Helper/DataHelper.php:34)"} []
[2021-07-13 17:25:38] request.CRITICAL: Uncaught PHP Exception Symfony\Component\Debug\Exception\FatalThrowableError: "Type error: Argument 1 passed to PrestaShop\Module\Ps_metrics\Helper\DataHelper::modifyArrayMainKeys() must be of the type array, null given, called in /bitnami/prestashop/modules/ps_metrics/src/Kpi/VisitsKpi.php on line 162" at /bitnami/prestashop/modules/ps_metrics/src/Helper/DataHelper.php line 34 {"exception":"[object] (Symfony\\Component\\Debug\\Exception\\FatalThrowableError(code: 0): Type error: Argument 1 passed to PrestaShop\\Module\\Ps_metrics\\Helper\\DataHelper::modifyArrayMainKeys() must be of the type array, null given, called in /bitnami/prestashop/modules/ps_metrics/src/Kpi/VisitsKpi.php on line 162 at /bitnami/prestashop/modules/ps_metrics/src/Helper/DataHelper.php:34)"} []
[2021-07-13 17:25:38] request.CRITICAL: Uncaught PHP Exception Symfony\Component\Debug\Exception\FatalThrowableError: "Type error: Argument 1 passed to PrestaShop\Module\Ps_metrics\Helper\DataHelper::modifyArrayMainKeys() must be of the type array, null given, called in /bitnami/prestashop/modules/ps_metrics/src/Kpi/VisitsKpi.php on line 162" at /bitnami/prestashop/modules/ps_metrics/src/Helper/DataHelper.php line 34 {"exception":"[object] (Symfony\\Component\\Debug\\Exception\\FatalThrowableError(code: 0): Type error: Argument 1 passed to PrestaShop\\Module\\Ps_metrics\\Helper\\DataHelper::modifyArrayMainKeys() must be of the type array, null given, called in /bitnami/prestashop/modules/ps_metrics/src/Kpi/VisitsKpi.php on line 162 at /bitnami/prestashop/modules/ps_metrics/src/Helper/DataHelper.php:34)"} []
[2021-07-26 12:37:12] request.CRITICAL: Uncaught PHP Exception Symfony\Component\Debug\Exception\FatalThrowableError: "Type error: Argument 1 passed to PrestaShop\Module\Ps_metrics\Helper\DataHelper::modifyArrayMainKeys() must be of the type array, null given, called in /bitnami/prestashop/modules/ps_metrics/src/Kpi/VisitsKpi.php on line 162" at /bitnami/prestashop/modules/ps_metrics/src/Helper/DataHelper.php line 34 {"exception":"[object] (Symfony\\Component\\Debug\\Exception\\FatalThrowableError(code: 0): Type error: Argument 1 passed to PrestaShop\\Module\\Ps_metrics\\Helper\\DataHelper::modifyArrayMainKeys() must be of the type array, null given, called in /bitnami/prestashop/modules/ps_metrics/src/Kpi/VisitsKpi.php on line 162 at /bitnami/prestashop/modules/ps_metrics/src/Helper/DataHelper.php:34)"} []
[2021-07-26 12:37:12] request.CRITICAL: Uncaught PHP Exception Symfony\Component\Debug\Exception\FatalThrowableError: "Type error: Argument 1 passed to PrestaShop\Module\Ps_metrics\Kpi\VisitsKpi::ConvertHoursFormat() must be of the type array, null given, called in /bitnami/prestashop/modules/ps_metrics/src/Kpi/VisitsKpi.php on line 159" at /bitnami/prestashop/modules/ps_metrics/src/Kpi/VisitsKpi.php line 174 {"exception":"[object] (Symfony\\Component\\Debug\\Exception\\FatalThrowableError(code: 0): Type error: Argument 1 passed to PrestaShop\\Module\\Ps_metrics\\Kpi\\VisitsKpi::ConvertHoursFormat() must be of the type array, null given, called in /bitnami/prestashop/modules/ps_metrics/src/Kpi/VisitsKpi.php on line 159 at /bitnami/prestashop/modules/ps_metrics/src/Kpi/VisitsKpi.php:174)"} []
[2021-07-26 12:40:08] request.CRITICAL: Uncaught PHP Exception Symfony\Component\Debug\Exception\FatalThrowableError: "Type error: Argument 1 passed to PrestaShop\Module\Ps_metrics\Helper\DataHelper::modifyArrayMainKeys() must be of the type array, null given, called in /bitnami/prestashop/modules/ps_metrics/src/Kpi/VisitsKpi.php on line 162" at /bitnami/prestashop/modules/ps_metrics/src/Helper/DataHelper.php line 34 {"exception":"[object] (Symfony\\Component\\Debug\\Exception\\FatalThrowableError(code: 0): Type error: Argument 1 passed to PrestaShop\\Module\\Ps_metrics\\Helper\\DataHelper::modifyArrayMainKeys() must be of the type array, null given, called in /bitnami/prestashop/modules/ps_metrics/src/Kpi/VisitsKpi.php on line 162 at /bitnami/prestashop/modules/ps_metrics/src/Helper/DataHelper.php:34)"} []
[2021-07-26 12:40:08] request.CRITICAL: Uncaught PHP Exception Symfony\Component\Debug\Exception\FatalThrowableError: "Type error: Argument 1 passed to PrestaShop\Module\Ps_metrics\Kpi\VisitsKpi::ConvertHoursFormat() must be of the type array, null given, called in /bitnami/prestashop/modules/ps_metrics/src/Kpi/VisitsKpi.php on line 159" at /bitnami/prestashop/modules/ps_metrics/src/Kpi/VisitsKpi.php line 174 {"exception":"[object] (Symfony\\Component\\Debug\\Exception\\FatalThrowableError(code: 0): Type error: Argument 1 passed to PrestaShop\\Module\\Ps_metrics\\Kpi\\VisitsKpi::ConvertHoursFormat() must be of the type array, null given, called in /bitnami/prestashop/modules/ps_metrics/src/Kpi/VisitsKpi.php on line 159 at /bitnami/prestashop/modules/ps_metrics/src/Kpi/VisitsKpi.php:174)"} []
[2021-08-02 09:55:43] request.CRITICAL: Uncaught PHP Exception Symfony\Component\Debug\Exception\FatalThrowableError: "Type error: Argument 1 passed to PrestaShop\Module\Ps_metrics\Helper\DataHelper::modifyArrayMainKeys() must be of the type array, null given, called in /bitnami/prestashop/modules/ps_metrics/src/Kpi/VisitsKpi.php on line 162" at /bitnami/prestashop/modules/ps_metrics/src/Helper/DataHelper.php line 34 {"exception":"[object] (Symfony\\Component\\Debug\\Exception\\FatalThrowableError(code: 0): Type error: Argument 1 passed to PrestaShop\\Module\\Ps_metrics\\Helper\\DataHelper::modifyArrayMainKeys() must be of the type array, null given, called in /bitnami/prestashop/modules/ps_metrics/src/Kpi/VisitsKpi.php on line 162 at /bitnami/prestashop/modules/ps_metrics/src/Helper/DataHelper.php:34)"} []
[2021-08-02 09:55:43] request.CRITICAL: Uncaught PHP Exception Symfony\Component\Debug\Exception\FatalThrowableError: "Type error: Argument 1 passed to PrestaShop\Module\Ps_metrics\Helper\DataHelper::modifyArrayMainKeys() must be of the type array, null given, called in /bitnami/prestashop/modules/ps_metrics/src/Kpi/VisitsKpi.php on line 162" at /bitnami/prestashop/modules/ps_metrics/src/Helper/DataHelper.php line 34 {"exception":"[object] (Symfony\\Component\\Debug\\Exception\\FatalThrowableError(code: 0): Type error: Argument 1 passed to PrestaShop\\Module\\Ps_metrics\\Helper\\DataHelper::modifyArrayMainKeys() must be of the type array, null given, called in /bitnami/prestashop/modules/ps_metrics/src/Kpi/VisitsKpi.php on line 162 at /bitnami/prestashop/modules/ps_metrics/src/Helper/DataHelper.php:34)"} []
[2021-08-02 09:56:35] request.CRITICAL: Uncaught PHP Exception Symfony\Component\Debug\Exception\FatalThrowableError: "Type error: Argument 1 passed to PrestaShop\Module\Ps_metrics\Helper\DataHelper::modifyArrayMainKeys() must be of the type array, null given, called in /bitnami/prestashop/modules/ps_metrics/src/Kpi/VisitsKpi.php on line 162" at /bitnami/prestashop/modules/ps_metrics/src/Helper/DataHelper.php line 34 {"exception":"[object] (Symfony\\Component\\Debug\\Exception\\FatalThrowableError(code: 0): Type error: Argument 1 passed to PrestaShop\\Module\\Ps_metrics\\Helper\\DataHelper::modifyArrayMainKeys() must be of the type array, null given, called in /bitnami/prestashop/modules/ps_metrics/src/Kpi/VisitsKpi.php on line 162 at /bitnami/prestashop/modules/ps_metrics/src/Helper/DataHelper.php:34)"} []
[2021-08-02 09:56:37] request.CRITICAL: Uncaught PHP Exception Symfony\Component\Debug\Exception\FatalThrowableError: "Type error: Argument 1 passed to PrestaShop\Module\Ps_metrics\Helper\DataHelper::modifyArrayMainKeys() must be of the type array, null given, called in /bitnami/prestashop/modules/ps_metrics/src/Kpi/VisitsKpi.php on line 162" at /bitnami/prestashop/modules/ps_metrics/src/Helper/DataHelper.php line 34 {"exception":"[object] (Symfony\\Component\\Debug\\Exception\\FatalThrowableError(code: 0): Type error: Argument 1 passed to PrestaShop\\Module\\Ps_metrics\\Helper\\DataHelper::modifyArrayMainKeys() must be of the type array, null given, called in /bitnami/prestashop/modules/ps_metrics/src/Kpi/VisitsKpi.php on line 162 at /bitnami/prestashop/modules/ps_metrics/src/Helper/DataHelper.php:34)"} []
[2021-08-02 16:40:11] request.CRITICAL: Uncaught PHP Exception Symfony\Component\Debug\Exception\FatalThrowableError: "Type error: Argument 1 passed to PrestaShop\Module\Ps_metrics\Helper\DataHelper::modifyArrayMainKeys() must be of the type array, null given, called in /bitnami/prestashop/modules/ps_metrics/src/Kpi/VisitsKpi.php on line 162" at /bitnami/prestashop/modules/ps_metrics/src/Helper/DataHelper.php line 34 {"exception":"[object] (Symfony\\Component\\Debug\\Exception\\FatalThrowableError(code: 0): Type error: Argument 1 passed to PrestaShop\\Module\\Ps_metrics\\Helper\\DataHelper::modifyArrayMainKeys() must be of the type array, null given, called in /bitnami/prestashop/modules/ps_metrics/src/Kpi/VisitsKpi.php on line 162 at /bitnami/prestashop/modules/ps_metrics/src/Helper/DataHelper.php:34)"} []
[2021-08-02 16:40:11] request.CRITICAL: Uncaught PHP Exception Symfony\Component\Debug\Exception\FatalThrowableError: "Type error: Argument 1 passed to PrestaShop\Module\Ps_metrics\Helper\DataHelper::modifyArrayMainKeys() must be of the type array, null given, called in /bitnami/prestashop/modules/ps_metrics/src/Kpi/VisitsKpi.php on line 162" at /bitnami/prestashop/modules/ps_metrics/src/Helper/DataHelper.php line 34 {"exception":"[object] (Symfony\\Component\\Debug\\Exception\\FatalThrowableError(code: 0): Type error: Argument 1 passed to PrestaShop\\Module\\Ps_metrics\\Helper\\DataHelper::modifyArrayMainKeys() must be of the type array, null given, called in /bitnami/prestashop/modules/ps_metrics/src/Kpi/VisitsKpi.php on line 162 at /bitnami/prestashop/modules/ps_metrics/src/Helper/DataHelper.php:34)"} []
[2021-08-09 16:01:30] request.CRITICAL: Uncaught PHP Exception Symfony\Component\Debug\Exception\FatalThrowableError: "Type error: Argument 1 passed to PrestaShop\Module\Ps_metrics\Helper\DataHelper::modifyArrayMainKeys() must be of the type array, null given, called in /bitnami/prestashop/modules/ps_metrics/src/Kpi/VisitsKpi.php on line 162" at /bitnami/prestashop/modules/ps_metrics/src/Helper/DataHelper.php line 34 {"exception":"[object] (Symfony\\Component\\Debug\\Exception\\FatalThrowableError(code: 0): Type error: Argument 1 passed to PrestaShop\\Module\\Ps_metrics\\Helper\\DataHelper::modifyArrayMainKeys() must be of the type array, null given, called in /bitnami/prestashop/modules/ps_metrics/src/Kpi/VisitsKpi.php on line 162 at /bitnami/prestashop/modules/ps_metrics/src/Helper/DataHelper.php:34)"} []
[2021-08-09 16:01:30] request.CRITICAL: Uncaught PHP Exception Symfony\Component\Debug\Exception\FatalThrowableError: "Type error: Argument 1 passed to PrestaShop\Module\Ps_metrics\Helper\DataHelper::modifyArrayMainKeys() must be of the type array, null given, called in /bitnami/prestashop/modules/ps_metrics/src/Kpi/VisitsKpi.php on line 162" at /bitnami/prestashop/modules/ps_metrics/src/Helper/DataHelper.php line 34 {"exception":"[object] (Symfony\\Component\\Debug\\Exception\\FatalThrowableError(code: 0): Type error: Argument 1 passed to PrestaShop\\Module\\Ps_metrics\\Helper\\DataHelper::modifyArrayMainKeys() must be of the type array, null given, called in /bitnami/prestashop/modules/ps_metrics/src/Kpi/VisitsKpi.php on line 162 at /bitnami/prestashop/modules/ps_metrics/src/Helper/DataHelper.php:34)"} []
[2021-08-09 16:02:14] request.CRITICAL: Uncaught PHP Exception Symfony\Component\Debug\Exception\FatalThrowableError: "Type error: Argument 1 passed to PrestaShop\Module\Ps_metrics\Helper\DataHelper::modifyArrayMainKeys() must be of the type array, null given, called in /bitnami/prestashop/modules/ps_metrics/src/Kpi/VisitsKpi.php on line 162" at /bitnami/prestashop/modules/ps_metrics/src/Helper/DataHelper.php line 34 {"exception":"[object] (Symfony\\Component\\Debug\\Exception\\FatalThrowableError(code: 0): Type error: Argument 1 passed to PrestaShop\\Module\\Ps_metrics\\Helper\\DataHelper::modifyArrayMainKeys() must be of the type array, null given, called in /bitnami/prestashop/modules/ps_metrics/src/Kpi/VisitsKpi.php on line 162 at /bitnami/prestashop/modules/ps_metrics/src/Helper/DataHelper.php:34)"} []
[2021-08-09 16:02:14] request.CRITICAL: Uncaught PHP Exception Symfony\Component\Debug\Exception\FatalThrowableError: "Type error: Argument 1 passed to PrestaShop\Module\Ps_metrics\Helper\DataHelper::modifyArrayMainKeys() must be of the type array, null given, called in /bitnami/prestashop/modules/ps_metrics/src/Kpi/VisitsKpi.php on line 162" at /bitnami/prestashop/modules/ps_metrics/src/Helper/DataHelper.php line 34 {"exception":"[object] (Symfony\\Component\\Debug\\Exception\\FatalThrowableError(code: 0): Type error: Argument 1 passed to PrestaShop\\Module\\Ps_metrics\\Helper\\DataHelper::modifyArrayMainKeys() must be of the type array, null given, called in /bitnami/prestashop/modules/ps_metrics/src/Kpi/VisitsKpi.php on line 162 at /bitnami/prestashop/modules/ps_metrics/src/Helper/DataHelper.php:34)"} []
[2021-08-09 16:02:15] request.CRITICAL: Uncaught PHP Exception Symfony\Component\Debug\Exception\FatalThrowableError: "Type error: Argument 1 passed to PrestaShop\Module\Ps_metrics\Helper\DataHelper::modifyArrayMainKeys() must be of the type array, null given, called in /bitnami/prestashop/modules/ps_metrics/src/Kpi/VisitsKpi.php on line 162" at /bitnami/prestashop/modules/ps_metrics/src/Helper/DataHelper.php line 34 {"exception":"[object] (Symfony\\Component\\Debug\\Exception\\FatalThrowableError(code: 0): Type error: Argument 1 passed to PrestaShop\\Module\\Ps_metrics\\Helper\\DataHelper::modifyArrayMainKeys() must be of the type array, null given, called in /bitnami/prestashop/modules/ps_metrics/src/Kpi/VisitsKpi.php on line 162 at /bitnami/prestashop/modules/ps_metrics/src/Helper/DataHelper.php:34)"} []
[2021-08-09 16:02:15] request.CRITICAL: Uncaught PHP Exception Symfony\Component\Debug\Exception\FatalThrowableError: "Type error: Argument 1 passed to PrestaShop\Module\Ps_metrics\Helper\DataHelper::modifyArrayMainKeys() must be of the type array, null given, called in /bitnami/prestashop/modules/ps_metrics/src/Kpi/VisitsKpi.php on line 162" at /bitnami/prestashop/modules/ps_metrics/src/Helper/DataHelper.php line 34 {"exception":"[object] (Symfony\\Component\\Debug\\Exception\\FatalThrowableError(code: 0): Type error: Argument 1 passed to PrestaShop\\Module\\Ps_metrics\\Helper\\DataHelper::modifyArrayMainKeys() must be of the type array, null given, called in /bitnami/prestashop/modules/ps_metrics/src/Kpi/VisitsKpi.php on line 162 at /bitnami/prestashop/modules/ps_metrics/src/Helper/DataHelper.php:34)"} []
